<?xml version='1.0' encoding='UTF-8'?>
<testsuite hostname="DESKTOP-O3D1S9E" name="demo.AuthedServiceTests" tests="7" errors="0" failures="0" skipped="0" time="0.085" timestamp="2021-07-19T17:40:59">
          <properties>
[...]
</properties>
          <testcase classname="demo.AuthedServiceTests" name="test loginServiceReturnBoolean" time="0.044">
                      
                    </testcase><testcase classname="demo.AuthedServiceTests" name="test loginServiceReturnUser" time="0.031">
                      
                    </testcase><testcase classname="demo.AuthedServiceTests" name="test checkNumberFail" time="0.003">
                      
                    </testcase><testcase classname="demo.AuthedServiceTests" name="test checkNumberOK" time="0.001">
                      
                    </testcase><testcase classname="demo.AuthedServiceTests" name="test Throws an exception" time="0.004">
                      
                    </testcase><testcase classname="demo.AuthedServiceTests" name="test doNothong" time="0.001">
                      
                    </testcase><testcase classname="demo.AuthedServiceTests" name="test verify exception error_code_011" time="0.001">
                      
                    </testcase>
          <system-out><![CDATA[]]></system-out>
          <system-err><![CDATA[]]></system-err>
        </testsuite>